2024-04-23 12:58:32,491 - INFO - INFO message
2024-04-23 12:58:34,494 - DEBUG - DEBUG message
2024-04-23 12:58:36,495 - DEBUG - DEBUG message
2024-04-23 12:58:38,496 - ERROR - ERROR message
2024-04-23 12:58:40,498 - WARNING - Unknown log level
2024-04-23 12:58:42,499 - DEBUG - DEBUG message
2024-04-23 12:58:44,500 - ERROR - ERROR message
2024-04-23 12:58:46,503 - DEBUG - DEBUG message
2024-04-23 12:58:48,504 - INFO - INFO message
2024-04-23 12:58:50,509 - INFO - INFO message
2024-04-23 12:58:52,510 - ERROR - ERROR message
2024-04-23 12:58:54,511 - INFO - INFO message
2024-04-23 12:58:56,512 - INFO - INFO message
2024-04-23 12:58:58,514 - ERROR - ERROR message
2024-04-23 12:59:00,523 - WARNING - Unknown log level
2024-04-23 12:59:02,523 - ERROR - ERROR message
2024-04-23 12:59:04,524 - DEBUG - DEBUG message
2024-04-23 12:59:06,526 - WARNING - Unknown log level
2024-04-23 12:59:08,526 - WARNING - Unknown log level
2024-04-23 12:59:10,527 - DEBUG - DEBUG message
2024-04-23 12:59:12,528 - WARNING - Unknown log level
2024-04-23 12:59:14,529 - INFO - INFO message
2024-04-23 12:59:16,530 - DEBUG - DEBUG message
2024-04-23 12:59:18,532 - WARNING - Unknown log level
2024-04-23 12:59:20,532 - WARNING - Unknown log level
2024-04-23 12:59:22,533 - WARNING - Unknown log level
2024-04-23 12:59:24,534 - WARNING - Unknown log level
2024-04-23 12:59:26,535 - ERROR - ERROR message
2024-04-23 12:59:28,536 - INFO - INFO message
2024-04-23 12:59:30,537 - ERROR - ERROR message
2024-04-23 12:59:32,538 - WARNING - Unknown log level
2024-04-23 12:59:34,538 - INFO - INFO message
2024-04-23 12:59:36,539 - ERROR - ERROR message
2024-04-23 12:59:38,542 - WARNING - Unknown log level
2024-04-23 12:59:40,548 - INFO - INFO message
2024-04-23 12:59:42,549 - INFO - INFO message
2024-04-23 12:59:44,549 - WARNING - Unknown log level
2024-04-23 12:59:46,550 - WARNING - Unknown log level
2024-04-23 12:59:48,551 - INFO - INFO message
2024-04-23 12:59:50,551 - ERROR - ERROR message
2024-04-23 12:59:52,552 - DEBUG - DEBUG message
2024-04-23 12:59:54,554 - WARNING - Unknown log level
2024-04-23 12:59:56,555 - INFO - INFO message
2024-04-23 12:59:58,556 - WARNING - Unknown log level
2024-04-23 13:00:00,557 - WARNING - Unknown log level
2024-04-23 13:00:02,560 - INFO - INFO message
2024-04-23 13:00:04,561 - ERROR - ERROR message
2024-04-23 13:00:06,564 - WARNING - Unknown log level
2024-04-23 13:00:08,565 - DEBUG - DEBUG message
2024-04-23 13:00:10,565 - INFO - INFO message
2024-04-23 13:00:12,566 - DEBUG - DEBUG message
2024-04-23 13:00:14,567 - ERROR - ERROR message
2024-04-23 13:00:16,568 - DEBUG - DEBUG message
2024-04-23 13:00:18,569 - INFO - INFO message
2024-04-23 13:00:20,570 - WARNING - Unknown log level
2024-04-23 13:00:22,571 - WARNING - Unknown log level
2024-04-23 13:00:24,572 - ERROR - ERROR message
2024-04-23 13:00:26,572 - DEBUG - DEBUG message
2024-04-23 13:00:28,573 - WARNING - Unknown log level
2024-04-23 13:00:30,576 - DEBUG - DEBUG message
2024-04-23 13:00:32,577 - INFO - INFO message
2024-04-23 13:00:34,578 - INFO - INFO message
2024-04-23 13:00:36,579 - INFO - INFO message
2024-04-23 13:00:38,580 - DEBUG - DEBUG message
2024-04-23 13:00:40,580 - WARNING - Unknown log level
2024-04-23 13:00:42,581 - INFO - INFO message
2024-04-23 13:00:44,582 - DEBUG - DEBUG message
2024-04-23 13:00:46,583 - ERROR - ERROR message
2024-04-23 13:00:48,584 - DEBUG - DEBUG message
2024-04-23 13:00:50,585 - DEBUG - DEBUG message
2024-04-23 13:00:52,586 - WARNING - Unknown log level
2024-04-23 13:00:54,587 - INFO - INFO message
2024-04-23 13:00:56,588 - ERROR - ERROR message
2024-04-23 13:00:58,590 - ERROR - ERROR message
2024-04-23 13:01:00,591 - DEBUG - DEBUG message
2024-04-23 13:01:02,593 - INFO - INFO message
2024-04-23 13:01:04,593 - WARNING - Unknown log level
2024-04-23 13:01:06,595 - INFO - INFO message
2024-04-23 13:01:08,595 - ERROR - ERROR message
2024-04-23 13:01:10,596 - DEBUG - DEBUG message
2024-04-23 13:01:12,597 - ERROR - ERROR message
2024-04-23 13:01:14,598 - WARNING - Unknown log level
2024-04-23 13:01:16,599 - ERROR - ERROR message
2024-04-23 13:01:18,599 - ERROR - ERROR message
2024-04-23 13:01:20,601 - ERROR - ERROR message
2024-04-23 13:01:22,604 - INFO - INFO message
2024-04-23 13:01:24,605 - ERROR - ERROR message
2024-04-23 13:01:26,606 - WARNING - Unknown log level
2024-04-23 13:01:28,606 - WARNING - Unknown log level
2024-04-23 13:01:30,607 - INFO - INFO message
2024-04-23 13:01:32,608 - INFO - INFO message
2024-04-23 13:01:34,609 - WARNING - Unknown log level
2024-04-23 13:01:36,610 - DEBUG - DEBUG message
2024-04-23 13:01:38,611 - INFO - INFO message
2024-04-23 13:01:40,612 - ERROR - ERROR message
2024-04-23 13:01:42,613 - WARNING - Unknown log level
2024-04-23 13:01:44,614 - ERROR - ERROR message
2024-04-23 13:01:46,615 - INFO - INFO message
2024-04-23 13:01:48,617 - ERROR - ERROR message
2024-04-23 13:01:50,617 - WARNING - Unknown log level
2024-04-23 13:01:52,619 - ERROR - ERROR message
2024-04-23 13:01:54,620 - WARNING - Unknown log level
2024-04-23 13:01:56,621 - ERROR - ERROR message
2024-04-23 13:01:58,622 - INFO - INFO message
2024-04-23 13:02:00,623 - WARNING - Unknown log level
2024-04-23 13:02:02,623 - DEBUG - DEBUG message
2024-04-23 13:02:04,624 - INFO - INFO message
2024-04-23 13:02:06,626 - WARNING - Unknown log level
2024-04-23 13:02:08,627 - ERROR - ERROR message
2024-04-23 13:02:10,628 - INFO - INFO message
2024-04-23 13:02:12,628 - WARNING - Unknown log level
2024-04-23 13:02:14,629 - ERROR - ERROR message
2024-04-23 13:02:16,629 - INFO - INFO message
2024-04-23 13:02:18,630 - ERROR - ERROR message
2024-04-23 13:02:20,631 - INFO - INFO message
2024-04-23 13:02:22,632 - ERROR - ERROR message
2024-04-23 13:02:24,633 - ERROR - ERROR message
2024-04-23 13:02:26,634 - ERROR - ERROR message
2024-04-23 13:02:28,635 - WARNING - Unknown log level
2024-04-23 13:02:30,635 - DEBUG - DEBUG message
2024-04-23 13:02:32,636 - WARNING - Unknown log level
2024-04-23 13:02:34,637 - DEBUG - DEBUG message
2024-04-23 13:02:36,638 - INFO - INFO message
2024-04-23 13:02:38,640 - ERROR - ERROR message
2024-04-23 13:02:40,641 - ERROR - ERROR message
2024-04-23 13:02:42,641 - WARNING - Unknown log level
2024-04-23 13:02:44,642 - WARNING - Unknown log level
2024-04-23 13:02:46,643 - WARNING - Unknown log level
2024-04-23 13:02:48,644 - DEBUG - DEBUG message
2024-04-23 13:02:50,645 - ERROR - ERROR message
2024-04-23 13:02:52,645 - INFO - INFO message
2024-04-23 13:02:54,646 - DEBUG - DEBUG message
2024-04-23 13:02:56,647 - WARNING - Unknown log level
2024-04-23 13:02:58,648 - ERROR - ERROR message
2024-04-23 13:03:00,649 - DEBUG - DEBUG message
2024-04-23 13:03:02,650 - DEBUG - DEBUG message
2024-04-23 13:03:04,650 - INFO - INFO message
2024-04-23 13:03:06,651 - ERROR - ERROR message
2024-04-23 13:03:08,652 - ERROR - ERROR message
2024-04-23 13:03:10,653 - WARNING - Unknown log level
2024-04-23 13:03:12,653 - WARNING - Unknown log level
2024-04-23 13:03:14,654 - INFO - INFO message
2024-04-23 13:03:16,655 - ERROR - ERROR message
2024-04-23 13:03:18,656 - INFO - INFO message
2024-04-23 13:03:20,657 - WARNING - Unknown log level
2024-04-23 13:03:22,657 - DEBUG - DEBUG message
2024-04-23 13:03:24,659 - WARNING - Unknown log level
2024-04-23 13:03:26,660 - INFO - INFO message
2024-04-23 13:03:28,660 - DEBUG - DEBUG message
2024-04-23 13:03:30,661 - DEBUG - DEBUG message
2024-04-23 13:03:32,662 - DEBUG - DEBUG message
2024-04-23 13:03:34,663 - INFO - INFO message
2024-04-23 13:03:36,664 - WARNING - Unknown log level
2024-04-23 13:03:38,665 - ERROR - ERROR message
2024-04-23 13:03:40,666 - ERROR - ERROR message
2024-04-23 13:03:42,667 - ERROR - ERROR message
2024-04-23 13:03:44,668 - ERROR - ERROR message
2024-04-23 13:03:46,669 - INFO - INFO message
2024-04-23 13:03:48,669 - DEBUG - DEBUG message
2024-04-23 13:03:50,671 - ERROR - ERROR message
2024-04-23 13:03:52,671 - INFO - INFO message
2024-04-23 13:03:54,672 - ERROR - ERROR message
2024-04-23 13:03:56,673 - ERROR - ERROR message
2024-04-23 13:03:58,674 - DEBUG - DEBUG message
2024-04-23 13:04:00,675 - ERROR - ERROR message
2024-04-23 13:04:02,677 - INFO - INFO message
2024-04-23 13:04:04,677 - DEBUG - DEBUG message
2024-04-23 13:04:06,678 - ERROR - ERROR message
2024-04-23 13:04:08,679 - WARNING - Unknown log level
2024-04-23 13:04:10,680 - DEBUG - DEBUG message
2024-04-23 13:04:12,681 - WARNING - Unknown log level
2024-04-23 13:04:14,682 - WARNING - Unknown log level
2024-04-23 13:04:16,683 - INFO - INFO message
2024-04-23 13:04:18,684 - INFO - INFO message
2024-04-23 13:04:20,685 - DEBUG - DEBUG message
2024-04-23 13:04:22,686 - ERROR - ERROR message
2024-04-23 13:04:24,687 - ERROR - ERROR message
2024-04-23 13:04:26,688 - INFO - INFO message
2024-04-23 13:04:28,689 - DEBUG - DEBUG message
2024-04-23 13:04:30,690 - INFO - INFO message
2024-04-23 13:04:32,691 - INFO - INFO message
2024-04-23 13:04:34,693 - INFO - INFO message
2024-04-23 13:04:36,693 - WARNING - Unknown log level
2024-04-23 13:04:38,699 - WARNING - Unknown log level
2024-04-23 13:04:40,700 - INFO - INFO message
2024-04-23 13:04:42,701 - WARNING - Unknown log level
2024-04-23 13:04:44,702 - WARNING - Unknown log level
2024-04-23 13:04:46,703 - WARNING - Unknown log level
2024-04-23 13:04:48,708 - WARNING - Unknown log level
2024-04-23 13:04:50,709 - INFO - INFO message
2024-04-23 13:04:52,712 - WARNING - Unknown log level
2024-04-23 13:04:54,712 - WARNING - Unknown log level
2024-04-23 13:04:56,713 - WARNING - Unknown log level
2024-04-23 13:04:58,714 - INFO - INFO message
2024-04-23 13:05:00,715 - INFO - INFO message
2024-04-23 13:05:02,716 - INFO - INFO message
2024-04-23 13:05:04,717 - DEBUG - DEBUG message
2024-04-23 13:05:06,718 - INFO - INFO message
2024-04-23 13:05:08,719 - ERROR - ERROR message
2024-04-23 13:05:10,720 - DEBUG - DEBUG message
2024-04-23 13:05:12,721 - ERROR - ERROR message
2024-04-23 13:05:14,721 - WARNING - Unknown log level
2024-04-23 13:05:16,724 - WARNING - Unknown log level
2024-04-23 13:05:18,726 - INFO - INFO message
2024-04-23 13:05:20,727 - WARNING - Unknown log level
2024-04-23 13:05:22,727 - WARNING - Unknown log level
2024-04-23 13:05:24,728 - ERROR - ERROR message
2024-04-23 13:05:26,729 - DEBUG - DEBUG message
2024-04-23 13:05:28,730 - INFO - INFO message
2024-04-23 13:05:30,731 - INFO - INFO message
2024-04-23 13:05:32,732 - INFO - INFO message
2024-04-23 13:05:34,733 - INFO - INFO message
2024-04-23 13:05:36,734 - INFO - INFO message
2024-04-23 13:05:38,735 - INFO - INFO message
2024-04-23 13:05:40,736 - INFO - INFO message
2024-04-23 13:05:42,737 - WARNING - Unknown log level
2024-04-23 13:05:44,738 - ERROR - ERROR message
2024-04-23 13:05:46,738 - INFO - INFO message
2024-04-23 13:05:48,739 - WARNING - Unknown log level
2024-04-23 13:05:50,746 - WARNING - Unknown log level
2024-04-23 13:05:52,747 - ERROR - ERROR message
2024-04-23 13:05:54,748 - WARNING - Unknown log level
2024-04-23 13:05:56,749 - ERROR - ERROR message
2024-04-23 13:05:58,750 - WARNING - Unknown log level
2024-04-23 13:06:00,750 - ERROR - ERROR message
2024-04-23 13:06:02,751 - DEBUG - DEBUG message
2024-04-23 13:06:04,753 - INFO - INFO message
2024-04-23 13:06:06,753 - ERROR - ERROR message
2024-04-23 13:06:08,754 - WARNING - Unknown log level
2024-04-23 13:06:10,755 - ERROR - ERROR message
2024-04-23 13:06:12,757 - INFO - INFO message
2024-04-23 13:06:14,758 - DEBUG - DEBUG message
2024-04-23 13:06:16,759 - DEBUG - DEBUG message
2024-04-23 13:06:18,759 - INFO - INFO message
2024-04-23 13:06:20,760 - WARNING - Unknown log level
2024-04-23 13:06:22,761 - ERROR - ERROR message
2024-04-23 13:06:24,762 - ERROR - ERROR message
2024-04-23 13:06:26,764 - DEBUG - DEBUG message
2024-04-23 13:06:28,765 - DEBUG - DEBUG message
2024-04-23 13:06:30,766 - ERROR - ERROR message
2024-04-23 13:06:32,766 - DEBUG - DEBUG message
2024-04-23 13:06:34,767 - ERROR - ERROR message
2024-04-23 13:06:36,768 - WARNING - Unknown log level
2024-04-23 13:06:38,769 - DEBUG - DEBUG message
2024-04-23 13:06:40,771 - ERROR - ERROR message
2024-04-23 13:06:42,772 - ERROR - ERROR message
2024-04-23 13:06:44,773 - ERROR - ERROR message
2024-04-23 13:06:46,774 - ERROR - ERROR message
2024-04-23 13:06:48,775 - INFO - INFO message
2024-04-23 13:06:50,776 - INFO - INFO message
2024-04-23 13:06:52,778 - INFO - INFO message
2024-04-23 13:06:54,779 - ERROR - ERROR message
2024-04-23 13:06:56,779 - DEBUG - DEBUG message
2024-04-23 13:06:58,781 - WARNING - Unknown log level
2024-04-23 13:07:00,782 - ERROR - ERROR message
2024-04-23 13:07:02,783 - WARNING - Unknown log level
2024-04-23 13:07:04,784 - INFO - INFO message
2024-04-23 13:07:06,785 - ERROR - ERROR message
2024-04-23 13:07:08,786 - INFO - INFO message
2024-04-23 13:07:10,787 - DEBUG - DEBUG message
2024-04-23 13:07:12,540 - INFO - Logging interrupted. Exiting.
2024-04-23 13:07:27,259 - DEBUG - DEBUG message
2024-04-23 13:07:37,267 - ERROR - ERROR message
2024-04-23 13:07:47,268 - WARNING - WARNING message
2024-04-23 13:07:57,269 - ERROR - ERROR message
2024-04-23 13:08:07,270 - ERROR - ERROR message
2024-04-23 13:08:17,271 - WARNING - WARNING message
2024-04-23 13:08:27,272 - WARNING - WARNING message
2024-04-23 13:08:37,273 - INFO - INFO message
2024-04-23 13:08:47,274 - INFO - INFO message
2024-04-23 13:08:57,276 - INFO - INFO message
2024-04-23 13:08:59,480 - INFO - Logging interrupted. Exiting.
2024-04-23 13:09:00,855 - WARNING - WARNING message
2024-04-23 13:09:10,862 - DEBUG - DEBUG message
2024-04-23 13:09:20,863 - ERROR - ERROR message
2024-04-23 13:09:30,867 - ERROR - ERROR message
2024-04-23 13:09:40,868 - DEBUG - DEBUG message
2024-04-23 13:09:50,869 - DEBUG - DEBUG message
2024-04-23 13:10:00,871 - DEBUG - DEBUG message
2024-04-23 13:10:10,871 - WARNING - WARNING message
2024-04-23 13:10:20,873 - ERROR - ERROR message
2024-04-23 13:10:50,417 - ERROR - ERROR message
2024-04-23 13:11:00,424 - DEBUG - DEBUG message
2024-04-23 13:11:10,427 - DEBUG - DEBUG message
2024-04-23 13:11:20,428 - ERROR - ERROR message
2024-04-23 13:11:30,433 - INFO - INFO message
2024-04-23 13:11:40,433 - DEBUG - DEBUG message
2024-04-23 13:11:50,434 - ERROR - ERROR message
2024-04-23 13:12:00,435 - INFO - INFO message
2024-04-23 13:12:10,436 - INFO - INFO message
2024-04-23 13:12:20,438 - DEBUG - DEBUG message
2024-04-23 13:12:30,438 - DEBUG - DEBUG message
2024-04-23 13:12:40,439 - ERROR - ERROR message
2024-04-23 13:12:50,439 - WARNING - WARNING message
2024-04-23 13:13:00,440 - INFO - INFO message
2024-04-23 13:13:10,094 - INFO - Logging interrupted. Exiting.
